<?xml version="1.0" encoding="UTF-8"?>
<!-- Generated by org.testng.reporters.JUnitReportReporter -->
<testsuite skipped="0" hostname="DESKTOP-LE7NTDG" name="Facebook.RunTest" tests="2" failures="0" timestamp="24 Apr 2017 17:11:45 GMT" time="11.186" errors="0">
  <testcase name="LoginFacebook" time="3.622" classname="Facebook.RunTest"/>
  <testcase name="SetUp" time="7.564" classname="Facebook.RunTest"/>
</testsuite> <!-- Facebook.RunTest -->
